<?xml version="1.0" encoding="UTF-8"?>
<!-- Generated by org.testng.reporters.JUnitReportReporter -->
<testsuite hostname="INR1802827.local" failures="0" tests="1" name="org.cpsat.ChallengeTestSix" time="20.117" errors="0" timestamp="2019-10-14T23:28:19 IST" skipped="0">
  <testcase classname="org.cpsat.ChallengeTestSix" name="testChallengeOne" time="20.117"/>
</testsuite> <!-- org.cpsat.ChallengeTestSix -->
