<?xml version="1.0" encoding="UTF-8"?>
<!-- Generated by org.testng.reporters.JUnitReportReporter -->
<testsuite hostname="INR1802827.local" failures="0" tests="1" name="org.cpsat.ChallengeTestOne" time="6.824" errors="0" timestamp="2019-10-14T22:59:07 IST" skipped="0">
  <testcase classname="org.cpsat.ChallengeTestOne" name="testChallengeOne" time="6.824"/>
</testsuite> <!-- org.cpsat.ChallengeTestOne -->
